[    00000] Initializing cgroup subsys cpuset
[    0.000000] Initializing cgroup subsys cpu
[    0.000000] Initializing cgroup subsys cpuacct
[    0.000000] Linux version 4.4.0-130-generic (bil@lw01-d6039)gcversn 4.0 1609 (un 5.4-6buntu1~.09) )15Ubun S Thuun4 8:538 TC 28 buntu 4.-13056ener 4.134
[  0.00] Coan line: BOOT_IMAGE=/boot/vmlinuz-4.4.0-10-neic ro=LEL=cloim-rootfs ro console=tty1 console=ttyS0
[    0.000000] KERNEL supported cpus:
[    0.000000]   Intel Genuinentl[    0.000000]   AMD AuthenticAMD
[    0.000000]   Centaur CentaurHauls
[    0.00000]x8/fu: xstate_offset[2]:  576, xstate_sizes[2]:  256
[    0.000000] x86/fpu: Supporting XSAVE feature 0x01: 'x87 floating point registers'
[    0.000000] x86/fpu: Supporting XSAVE feature 0x02: 'SSE registers'
[    0.000000] x86/fpu: Supporting XSAVE feature 0x04: 'AVX registers'
[    0.000000] x86/fpu: Enabled xstate features 0x7, context size is 832 bytes, using 'standard' format.
[    0.000000] x86/fpu: Using 'eager' FPU context switches.
[    0.000000] e820: BIOS-provided physical RAM map:
[    0.000000] BIOS-e820: [mem 0x0000000000000000-0x000000000009fbff] usable
[    0.000000] BIOS-e820: [mem 0x000000000009fc00-0x000000000009ffff] reserved
[    0.000000] BIOS-e820: [mem 0x00000000000f0000-0x00000000000fffff] rserved
[    0.000000] BIOS-e820: [mem 0x0000000000100000-0x000000003ffeffff] usable
[    0.000000] BIOS-e820: [mem 0x000000003fff0000-0x000000003fffffff] ACPI data
[    0.000000] BIOS-e820: [mem 0x00000000fec00000-0x00000000fec00fff] reserved
[    0.000000] BIOS-e820: [mem 0x00000000fee00000-0x00000000fee00fff] reserved
[    0.000000] BIOS-e820: [mem 0x00000000fffc0000-0x00000000ffffffff] reserved
[    0.000000] NX (Execute Disable) protection: active
[    0.000000] SMBIOS 2.5 present.
[    0.000000] Hypervisor detected: KVM
[    0.000000] Kernel/User page tables isolation: disabled
[    0.000000] AGP: No AGP bridge found
[    0.000000] e820: last_pfn = 0x3fff0 max_arch_pfn = 0x400000000
[    0.000000] MTRR: Disabled
[    0.000000] x86/PAT: MTRRs disabled, skipping PAT initialization too.
[    0.000000] CPU MTRRs all blank - virtualized system.
[    0.000000] x86/PAT: Configuration [0-7]: WB  WT  UC- UC  WB  WT  UC- UC  
[    0.000000] found SMP MP-table at [mem 0x0009fff0-0x0009ffff] mapped at [ffff88000009fff0]
[    0.000000] Scanning 1 areas for low memory corruption
[    0.000000] RAMDISK: [mem 0x36aa2000-0x37548fff]
[    0.000000] ACPI: Erl table checksum verification disabled
[    0.000000] ACPI: RSDP 0x00000000000E0000 000024 (v02 VBOX  )
[    0.000000] ACPI: XSDT 0x000000003FFF0030 00003C (v01 VBOX   VBOXXSDT 00000001 ASL  00000061)
[    0.000000] ACPI: FACP 0x000000003FFF00F0 0000F4 (v04 VBOX   VBOXFACP 00000001 ASL  00000061)
[    0.000000] ACPI: DSDT 0x000000003FFF0470 0021FF (v02 VBOX   VBOXBIOS 00000002 INTL 20160108)
[    0.000000] ACPI: FACS 0x000000003FFF0200 000040
[    0.000000] ACPI: FACS 0x000000003FFF0200 000040
[    0.000000] ACPI: APIC 0x000000003FFF0240 00005C (v02 VBOX   VBOXAPIC 00000001 ASL  00000061)
[    0.000000] ACPI: SSDT 0x000000003FFF02A0 0001CC (v01 VBOX   VBOXCPUT 00000002 INTL 20160108)
[    0.000000] No NUMA configuration found
[    0.000000] Faking a node at [mem 0x0000000000000000-0x000000003ffeffff]
[    0.000000] NODE_DATA(0) allocated [mem 0x3ffeb000-0x3ffeffff]
[    0.000000] kvm-clock: Using msrs 4b564d01 and 4b564d00
[    0.000000] kvm-clock: cpu 0, msr 0:3ffe3001, primary cpu clock
[    0.000000] kvm-clock: using sched offset of 3450086226 cycles
[    0.000000] clocksource: kvm-clock: mask: 0xfffffffffffff max_cycles: 0x1cd42e4dffb, max_idle_ns: 881590591483 ns
[    0.00000] onrang:[    0000] DM     [me0x00000001000x000000ffff]   0000]   DMA   [mem 0x000000010000-000000fffff][   0.00]   orma  empt
[   0.000]   vi   ety
[  0.0000Moble netartorach no
    0.000] Earlmery ne nges[   0.00]   no  0: [m 000000000010000x00000000eff]
[   .00000  node  : mem 0000001000-0x000000003ffeffff]
[    0.000000] Initmem setup node 0 [mem 0x0000000000001000-0x0000003ffeffff]
[    0.000000] ACPI: PM-TimerIOPort: 0x4008
[    0.000000] IOAPIC[0]: apic_id 2, version 32, addres 0xfec00000, GSI 0-23
[    0.000000] ACPI: INT_SRC_OVR (bus 0 bus_irq 0 global_irq 2 dfl dfl)
    0.000000] ACPI: INT_SRC_OVR (bus 0 bus_irq 9 global_irq 9 low level)
[    0.000000] Using ACPI (MADT) for SP configuration information
[    0.000000] smpboot: Allowing 2 CPUs, 0 hotplug CPUs
[    0.000000] PM: egstred nosave memory: [mem 0x00000000-0x00000fff]
[    0.000000] PM: Registered nosave memory: [mem 0x0009f000-0x0009ffff]
[    0.000000] PM: giered nosave memory: [mem 0x000a0000-0x000effff]
[    0.000000] PM: Registered nosave memory: [mem 0x000000-0x000fffff]
[    0.000000] e820: [mem 0x40000000-0xfebfffff] available fr CI devices
[    0.000000] Booting paravirtualized kernel on KVM
[    0.000000] clocksource: refined-jiffies: mask: 0xffffffff max_cycles: 0xffffffff, max_idle_ns: 7645519600211568 ns
[    0.000000] setup_percpu: NR_CPUS:512 nr_cpumask_bits:512 nr_cpu_ids:2 nr_node_ids:1
[    0.000000] PERCPU: Embedded 34 pages/cpu @ffff88003fc00000 s99544 r8192 d31528 u1048576
[    0.000000] PV qspinlock hash table entries: 256 (order: 0, 4096 bytes)
[    0.00000] uilt 1 zonelists in Node order, mobility grouping on.  Total pages: 257912
[    0.000000] Policy zone: DMA32
[    0.000000] Kernel command line: BOT_IMAGE=/boot/vmlinuz-4.4.0-130-generic root=LABEL=cloudimg-rootfs ro console=tty1 console=ttyS0
[    0.000000] PID hash table entries: 4096 (order: 3, 32768 bytes)
[    0.000000] AGP: Checking aperture...
[    0.000000] AGP: No AGP bridge found
[    0.000000] Memory: 1001608K/1048120K available (8546K kernel code, 1313K rwdata, 400Kroata, 1516K init, 1316K bss, 6512K reserved, 0K cma-reserved)
[    0.000000] SLUB: HWalign=64, Order=0-3, MinObjects=0, CPUs=2, Nodes=1
[    0.000000] Hierarchical RCU implementation.
[    0.000000] 	Build-time adjustment of leaf fanout to 64.
[    0.000000] 	RCU restricting CPUs from NR_CPUS=512 to nr_cpu_ids=2.
[    0.000000] RCU: Adjusting geometry for rcu_fanout_leaf=64, nr_cpu_ids=2
[    0.000000] NR_IRQS:33024 nr_irqs:440 16
[    0.000000] Console: colour VGA+ 80x25
[    0.000000] console [tty1] enabled
[    0.000000] console [ttyS0] enabled
[    0.000000] tsc: Detected 4000.000 MHz processor
[    0.000000] tsc: Marking TSC unstable due to TSCs unsynchronized
[    0.008000] Calibrating delay loop (skipped) preset value.. 8000.00 BogoMIPS (lpj=16000000)
[    0.008004] pid_max: default: 32768 minimum: 301
[    0.008840] ACPI: Core revision 20150930
[    0.010491] ACPI: 2 ACPI AML tables successfully acquired and loaded
[    0.012865] Security Framework initialized
[    0.013630] Yama: becoming mindful.
[    0.014340] AppArmor: AppArmor initialized
[    0.016089] Dentry cache hash table entries: 131072 (order: 8, 1048576 bytes)
[    0.017446] Inode-cache hash table entries: 65536 (order: 7, 524288 bytes)
[    0.019260] Mount-cache hash table entries: 2048 (order: 2, 16384 bytes)
[    0.020007] Mountpoint-cache hash table entries: 2048 (order: 2, 16384 bytes)
[    0.021270] Initializing cgroup subsys io
[    0.024006] Initializing cgroup subsys memory
[    0.024806] Initializing cgroup subsys devices
[    0.028005] Initializing cgroup subsys freezer
[    0.028820] Initializing cgroup subsys net_cls
[    0.029641] Initializing cgroup subsys perf_event
[    0.030475] Initializing cgroup subsys net_prio
[    0.031280] Initializing cgroup subsys hugetlb
[    0.032004] Initializing cgroup subsys pids
[    0.036068] CPU: Physical Processor ID: 0
[    0.040003] CPU: Processor Core ID: 0
[    0.040718] mce: CPU supports 0 MCE banks
[    0.041474] Last level iTLB entries: 4KB 512, 2MB 1024, 4MB 512
[    0.044003] Last level dTLB entries: 4KB 1024, 2MB 1024, 4MB 512, 1GB 0
[    0.045066] Spectre V2 : LFENCE not serializing. Switching to generic retpoline
[    0.046403] Spectre V2 : Mitigation: Full generic retpoline
[    0.048011] Spectre V2 : Speculation control IBPB not-supported IBRS not-supported
[    0.049173] Spectre V2 : Filling RSB on context switch
[    0.052004] Speculative Store Bypass: Mitigation: Speculative Store Bypass disabled via prctl and seccomp
[    0.058291] Freeing SMP alternatives memory: 32K
[    0.068068] ftrace: allocating 32245 entries in 126 pages
[    0.088091] smpboot: APIC(0) Converting physical 0 to logical package 0
[    0.092006] smpboot: Max logical packages: 1
[    0.096298] x2apic enabled
[    0.097173] Switched APIC routing to physical x2apic.
[    0.101119] ..TIMER: vector=0x30 apic1=0 pin1=2 apic2=-1 pin2=-1
[    0.108000] smpboot: CPU0: AMD FX(tm)-8350 Eight-Core Processor (family: 0x15, model: 0x2, stepping: 0x0)
[    0.109472] Performance Events: Broken PMU hardware detected, using software events only.
[    0.112002] Failed to access perfctr msr (MSR c0010007 is 0)
[    0.112964] KVM setup paravirtual spinlock
[    0.114425] x86: Booting SMP configuration:
[    0.116003] .... node  #0, CPUs:      #1
[    0.008000] kvm-clock: cpu 1, msr 0:3ffe3041, secondary cpu clock
[    0.008000] mce: CPU supports 0 MCE banks
[    0.118755] x86: Booted up 1 node, 2 CPUs
[    0.120003] smpboot: Total of 2 processors activated (16000.00 BogoMIPS)
[    0.121525] devtmpfs: initialized
[    0.124000] evm: security.selinux
[    0.228004] evm: security.SMACK64
[    0.324004] evm: security.SMACK64EXEC
[    0.444003] evm: security.SMACK64TRANSMUTE
[    0.588005] evm: security.SMACK64MMAP
[    0.712002] evm: security.ima
[    0.816003] evm: security.capability
[    0.944372] clocksource: jiffies: mask: 0xffffffff max_cycles: 0xffffffff, max_idle_ns: 7645041785100000 ns
[    0.948042] futex hash table entries: 512 (order: 3, 32768 bytes)
[    0.952108] pinctrl core: initialized pinctrl subsystem
[    0.956143] RTC time: 20:27:43, date: 07/03/18
[    0.960241] NET: Registered protocol family 16
[    0.976018] cpuidle: using governor ladder
[    0.984012] cpuidle: using governor menu
[    1.108009] PCCT header not found.
[    1.208329] ACPI: bus type PCI registered
[    1.216003] acpiphp: ACPI Hot Plug PCI Controller Driver version: 0.5
[    1.217236] PCI: Using configuration type 1 for base access
[    1.218251] PCI: Using configuration type 1 for extended access
[    1.232240] ACPI: Added _OSI(Module Device)
[    1.236008] ACPI: Added _OSI(Processor Device)
[    1.240006] ACPI: Added _OSI(3.0 _SCP Extensions)
[    1.244005] ACPI: Added _OSI(Processor Aggregator Device)
[    1.248855] ACPI: Executed 1 blocks of module-level executable AML code
[    1.258192] ACPI: Interpreter enabled
[    1.260022] ACPI: (supports S0 S5)
[    1.264012] ACPI: Using IOAPIC for interrupt routing
[    1.266857] PCI: Using host bridge windows from ACPI; if necessary, use "pci=nocrs" and report a bug
[    1.274846] ACPI: PCI Root Bridge [PCI0] (domain 0000 [bus 00-ff])
[    1.276027] acpi PNP0A03:00: _OSC: OS supports [ExtendedConfig ASPM ClockPM Segments MSI]
[    1.280068] acpi PNP0A03:00: _OSC: OS now controls [PCIeHotplug PME AER PCIeCapability]
[    1.288085] PCI host bridge to bus 0000:00
[    1.292013] pci_bus 0000:00: root bus resource [io  0x0000-0x0cf7 window]
[    1.296005] pci_bus 0000:00: root bus resource [io  0x0d00-0xffff window]
[    1.300004] pci_bus 0000:00: root bus resource [mem 0x000a0000-0x000bffff window]
[    1.304004] pci_bus 0000:00: root bus resource [mem 0x40000000-0xfdffffff window]
[    1.308003] pci_bus 0000:00: root bus resource [bus 00-ff]
[    1.310286] pci 0000:00:01.1: legacy IDE quirk: reg 0x10: [io  0x01f0-0x01f7]
[    1.312003] pci 0000:00:01.1: legacy IDE quirk: reg 0x14: [io  0x03f6]
[    1.313159] pci 0000:00:01.1: legacy IDE quirk: reg 0x18: [io  0x0170-0x0177]
[    1.316002] pci 0000:00:01.1: legacy IDE quirk: reg 0x1c: [io  0x0376]
[    1.349724] pci 0000:00:07.0: quirk: [io  0x4000-0x403f] claimed by PIIX4 ACPI
[    1.352010] pci 0000:00:07.0: quirk: [io  0x4100-0x410f] claimed by PIIX4 SMB
[    1.369641] ACPI: PCI Interrupt Link [LNKA] (IRQs 5 9 10 *11)
[    1.376683] ACPI: PCI Interrupt Link [LNKB] (IRQs 5 9 *10 11)
[    1.385009] ACPI: PCI Interrupt Link [LNKC] (IRQs 5 *9 10 11)
[    1.396457] ACPI: PCI Interrupt Link [LNKD] (IRQs 5 9 10 *11)
[    1.412420] ACPI: Enabled 2 GPEs in block 00 to 07
[    1.416217] vgaarb: setting as boot device: PCI:0000:00:02.0
[    1.420000] vgaarb: device added: PCI:0000:00:02.0,decodes=io+mem,owns=io+mem,locks=none
[    1.420017] vgaarb: loaded
[    1.422701] vgaarb: bridge control possible 0000:00:02.0
[    1.424347] SCSI subsystem initialized
[    1.428165] ACPI: bus type USB registered
[    1.432078] usbcore: registered new interface driver usbfs
[    1.434584] usbcore: registered new interface driver hub
[    1.436064] usbcore: registered new device driver usb
[    1.440118] PCI: Using ACPI for IRQ routing
[    1.444247] NetLabel: Initializing
[    1.448003] NetLabel:  domain hash size = 128
[    1.452002] NetLabel:  protocols = UNLABELED CIPSOv4
[    1.452875] NetLabel:  unlabeled traffic allowed by default
[    1.456174] amd_nb: Cannot enumerate AMD northbridges
[    1.460054] clocksource: Switched to clocksource kvm-clock
[    1.490250] AppArmor: AppArmor Filesystem Enabled
[    1.496680] pnp: PnP ACPI init
[   .4807]pn: PnP ACPI: found 3 devices

[   .6752]clcksource: acpi_pm: mask: 0xffffff max_cycles: 0xffffff, max_idle_ns: 2085701024 ns
[    1.648035] NET: Registered protocol family 2

[    1.793541] TCP established hash table entries: 8192 (order: 4, 65536 bytes)
[    1.794790] TCP bind hash table entries: 8192 (order: 5, 131072 bytes)
[    1.75915] TCP: Hash tables configured (established 8192 bind 8192)
[    1.837643] UDP hash table entries: 512 (order: 2, 16384 bytes)
[    1.838671] UDP-Lite hash table entries: 512 (order: 2, 16384 bytes)
[    1.839768] NET: Registered protocol family 1
[    1.840610] pci 0000:00:00.0: Limiting direct PCI/PCI transfers
[    1.841596] pci 0000:00:01.0: Activating ISA DMA hang workarounds
[   .8156]Unacin iitams..
[    3.732647] Freeing initrd memory: 10908K
[    3.765313]losocets mk:xffffffff x_cl: 73ba8b m_ie_: 8159177 
ÿ[  3.82] atrmtcmo risreplfo R dic(nPNdevice found)
[    3.768342] Scanning for low memory corruption every 60 seconds
[    3.768975] audit: initializing netlink subsys (disabled)
[    3.769011] audit: type=2000 audit(1530649666.448:1): initialized
[    3.769528] Initialise system trusted keyring
[    3.769709] HugeTLB registered 2 MB page size, pre-allocated 0 pages
[    3.773582] zbud: loaded
[    3.774181] VFS: Disk quotas dquot_6.6.0
[    3.774259] VFS: Dquot-cache hash table entries: 512 (order 0, 4096 bytes)
[    3.774882] squashfs: version 4.0 (2009/01/31) Phillip Lougher
[    3.775413] fuse init (API version 7.23)
[    3.775700] Key type big_key registered
[    3.775740] Allocating IMA MOK and blacklist keyrings.
[    3.776364] Key type asymmetric registered
[    3.776368] Asymmetric key parser 'x509' registered
[    3.776455] Block layer SCSI generic (bsg) driver version 0.4 loaded (major 249)
[    3.776496] io scheduler noop registered
[    3.776499] io scheduler deadline registered (default)
[    3.776574] io scheduler cfq registered
[    3.776760] pci_hotplug: PCI Hot Plug PCI Core version: 0.5
[    3.776772] pciehp: PCI Express Hot Plug Controller Driver version: 0.4
[    3.777011] ACPI: AC Adapter [AC] (on-line)
[    3.777140] input: Power Button as /devices/LNXSYSTM:00/LNXPWRBN:00/input/input0
[    3.777144] ACPI: Power Button [PWRF]
[    3.777270] input: Sleep Button as /devices/LNXSYSTM:00/LNXSLPBN:00/input/input1
[    3.777272] ACPI: Sleep Button [SLPF]
[    3.777564] GHES: HEST is not enabled!
[    3.777768] Serial: 8250/16550 driver, 32 ports, IRQ sharing enabled
[    4.968828] 00:02: ttyS0 at I/O 0x3f8 (irq = 4, base_baud = 115200) is a 16550A
[    5.817109] Linux agpgart interface v0.103
[    5.895465] loop: module loaded
[    5.896011] scsi host0: ata_piix
[    5.896129] scsi host1: ata_piix
[    5.896169] ata1: PATA max UDMA/33 cmd 0x1f0 ctl 0x3f6 bmdma 0xd000 irq 14
[    5.896170] ata2: PATA max UDMA/33 cmd 0x170 ctl 0x376 bmdma 0xd008 irq 15
[    5.896249] libphy: Fixed MDIO Bus: probed
[    5.896250] tun: Universal TUN/TAP device driver, 1.6
[    5.896251] tun: (C) 1999-2004 Max Krasnyansky <maxk@qualcomm.com>
[    5.896492] PPP generic driver version 2.4.2
[    5.896545] ehci_hcd: USB 2.0 'Enhanced' Host Controller (EHCI) Driver
[    5.896549] ehci-pci: EHCI PCI platform driver
[    5.896564] ehci-platform: EHCI generic platform driver
[    5.896572] ohci_hcd: USB 1.1 'Open' Host Controller (OHCI) Driver
[    5.896575] ohci-pci: OHCI PCI platform driver
[    5.896584] ohci-platform: OHCI generic platform driver
[    5.896591] uhci_hcd: USB Universal Host Controller Interface driver
[    5.896651] i8042: PNP: PS/2 Controller [PNP0303:PS2K,PNP0f03:PS2M] at 0x60,0x64 irq 1,12
[    5.937186] serio: i8042 KBD port at 0x60,0x64 irq 1
[    5.937201] serio: i8042 AUX port at 0x60,0x64 irq 12
[    5.937554] mousedev: PS/2 mouse device common for all mice
[    5.938337] rtc_cmos rtc_cmos: rtc core: registered rtc_cmos as rtc0
[    5.938495] rtc_cmos rtc_cmos: alarms up to one day, 114 bytes nvram
[    5.938512] i2c /dev entries driver
[    5.938673] device-mapper: uevent: version 1.0.3
[    5.938825] device-mapper: ioctl: 4.34.0-ioctl (2015-10-28) initialised: dm-devel@redhat.com
[    5.938861] ledtrig-cpu: registered to indicate activity on CPUs
[    5.939657] NET: Registered protocol family 10
[    5.940122] NET: Registered protocol family 17
[    5.940143] Key type dns_resolver registered
[    5.940824] registered taskstats version 1
[    5.940867] Loading compiled-in X.509 certificates
[    5.942992] Loaded X.509 cert 'Build time autogenerated kernel key: b3e0fe4bcd6378c38a2c0a4648abbc1fa5043a22'
[    5.943030] zswap: loaded using pool lzo/zbud
[    5.947133] Key type trusted registered
[    5.950220] Key type encrypted registered
[    5.950225] AppArmor: AppArmor sha1 policy hashing enabled
[    5.950228] ima: No TPM chip found, activating TPM-bypass!
[    5.950232] ima: Allocated hash algorithm: sha1
[    5.950248] evm: HMAC attrs: 0x1
[    5.950460]   Magic number: 10:279:497
[    5.996500] rtc_cmos rtc_cmos: setting system clock to 2018-07-03 20:27:50 UTC (1530649670)
[    5.996595] BIOS EDD facility v0.16 2004-Jun-25, 0 devices found
[    5.996595] EDD information not available.
[    6.417699] input: AT Translated Set 2 keyboard as /devices/platform/i8042/serio0/input/input2
[    8.786449] Freeing unused kernel memory: 1516K
[    9.008302] Write protecting the kernel read-only data: 14336k
[    9.016109] Freeing unused kernel memory: 1680K
[    9.023145] Freeing unused kernel memory: 96K
Loading, please [    9.043313] random: systemd-udevd: uninitialized urandom read (16 bytes read, 3 bits of entropy available)
wait...
starting version 229
[    9.043726] random: udevadm: uninitialized urandom read (16 bytes read, 3 bits of entropy available)
[    9.043746] random: udevadm: uninitialized urandom read (16 bytes read, 3 bits of entropy available)
[    9.054794] random: udevadm: uninitialized urandom read (16 bytes read, 3 bits of entropy available)
[    9.054842] random: udevadm: uninitialized urandom read (16 bytes read, 3 bits of entropy available)
[    9.054985] random: udevadm: uninitialized urandom read (16 bytes read, 3 bits of entropy available)
[    9.055040] random: udevadm: uninitialized urandom read (16 bytes read, 3 bits of entropy available)
[    9.055097] random: udevadm: uninitialized urandom read (16 bytes read, 3 bits of entropy available)
[    9.055152] random: udevadm: uninitialized urandom read (16 bytes read, 3 bits of entropy available)
[    9.055206] random: udevadm: uninitialized urandom read (16 bytes read, 3 bits of entropy available)
[   10.129697] Fusion MPT base driver 3.04.20
[   10.228044] Copyright (c) 1999-2008 LSI Corporation
[   10.311313] e1000: Intel(R) PRO/1000 Network Driver - version 7.3.21-k8-NAPI
[   10.537966] e1000: Copyright (c) 1999-2006 Intel Corporation.
[   10.750613] AVX version of gcm_enc/dec engaged.
[   10.804825] AES CTR mode by8 optimization enabled
[   10.807732] Fusion MPT SPI Host driver 3.04.20
[   10.950169] input: ImExPS/2 Generic Explorer Mouse as /devices/platform/i8042/serio1/input/input4
[   11.076643] e1000 0000:00:03.0 eth0: (PCI:33MHz:32-bit) 02:f6:92:8e:b0:b4
[   11.076647] e1000 0000:00:03.0 eth0: Intel(R) PRO/1000 Network Connection
[   11.321721] e1000 0000:00:03.0 enp0s3: renamed from eth0
[   11.321798] mptbase: ioc0: Initiating bringup
[   11.384856] ioc0: LSI53C1030 A0: Capabilities={Initiator}
[   11.547021] scsi host2: ioc0: LSI53C1030 A0, FwRev=00000000h, Ports=1, MaxQ=256, IRQ=20
[   11.657539] scsi 2:0:0:0: Direct-Access     VBOX     HARDDISK         1.0  PQ: 0 ANSI: 5
[   11.657552] scsi target2:0:0: Beginning Domain Validation
[   11.659544] scsi target2:0:0: Domain Validation skipping write tests
[   11.659547] scsi target2:0:0: Ending Domain Validation
[   11.659651] scsi target2:0:0: asynchronous
[   11.660420] scsi 2:0:1:0: Direct-Access     VBOX     HARDDISK         1.0  PQ: 0 ANSI: 5
[   11.660429] scsi target2:0:1: Beginning Domain Validation
[   11.662381] scsi target2:0:1: Domain Validation skipping write tests
[   11.662384] scsi target2:0:1: Ending Domain Validation
[   11.662488] scsi target2:0:1: asynchronous
[   11.672870] sd 2:0:0:0: Attached scsi generic sg0 type 0
[   11.672894] sd 2:0:0:0: [sda] 20971520 512-byte logical blocks: (10.7 GB/10.0 GiB)
[   11.673330] sd 2:0:1:0: [sdb] 20480 512-byte logical blocks: (10.5 MB/10.0 MiB)
[   11.673345] sd 2:0:0:0: [sda] Write Protect is off
[   11.673464] sd 2:0:0:0: [sda] Incomplete mode parameter data
[   11.673465] sd 2:0:0:0: [sda] Assuming drive cache: write through
[   11.673479] sd 2:0:1:0: [sdb] Write Protect is off
[   11.673672] sd 2:0:1:0: [sdb] Incomplete mode parameter data
[   11.673694] sd 2:0:1:0: [sdb] Assuming drive cache: write through
[   11.674448] sd 2:0:1:0: Attached scsi generic sg1 type 0
[   11.690514]  sda: sda1
[   11.691350] sd 2:0:0:0: [sda] Attached SCSI disk
[   11.721087] sd 2:0:1:0: [sdb] Attached SCSI disk
Begin: Loading e[   15.634833] md: linear personality registered for level -1
ssential drivers ... [   15.737785] md: multipath personality registered for level -4
[   15.977185] md: raid0 personality registered for level 0
[   16.126708] md: raid1 personality registered for level 1
[   16.236768] raid6: sse2x1   gen()  6205 MB/s
[   16.452160] raid6: sse2x1   xor()  5074 MB/s
[   16.652090] raid6: sse2x2   gen()  9247 MB/s
[   16.852170] raid6: sse2x2   xor()  6931 MB/s
[   17.044013] raid6: sse2x4   gen() 12404 MB/s
[   17.236134] raid6: sse2x4   xor()  5100 MB/s
[   17.387289] raid6: using algorithm sse2x4 gen() 12404 MB/s
[   17.569924] raid6: .... xor() 5100 MB/s, rmw enabled
[   17.728386] raid6: using ssse3x2 recovery algorithm
[   17.883009] xor: automatically using best checksumming function:
[   17.984124]    avx       :  4352.000 MB/sec
[   17.993537] async_tx: api initialized (async)
[   18.051204] md: raid6 personality registered for level 6
[   18.073581] md: raid5 personality registered for level 5
[   18.132416] md: raid4 personality registered for level 4
[   18.186215] md: raid10 personality registered for level 10
done.
Begin: Running /scripts/init-p[   18.446040] Btrfs loaded
remount ... done.
Begin: Mounting root file system ... Begin: Running /scripts/local-top ... done.
Begin: Running /scripts/local-premount ... Scanning for Btrfs filesystems
done.
Warning: fsck not present, so skipping root file system
[   18.625501] EXT4-fs (sda1): mounted filesystem with ordered data mode. Opts: (null)
done.
Begin: Running /scripts/local-bottom ... done.
Begin: Running /scripts/init-bottom ... done.
[   19.314696] systemd[1]: systemd 229 running in system mode. (+PAM +AUDIT +SELINUX +IMA +APPARMOR +SMACK +SYSVINIT +UTMP +LIBCRYPTSETUP +GCRYPT +GNUTLS +ACL +XZ -LZ4 +SECCOMP +BLKID +ELFUTILS +KMOD -IDN)
[   19.446685] systemd[1]: Detected virtualization oracle.
[   19.535278] systemd[1]: Detected architecture x86-64.

Welcome to [1mUbuntu 16.04.4 LTS[0m!

[   19.652343] systemd[1]: Set hostname to <ubuntu>.
[   19.688255] systemd[1]: Initializing machine ID from random generator.
[   19.691548] systemd[1]: Installed transient /etc/machine-id file.
[   1.958 rdo: nonocngooisnialed
[   20.745266] systemd[1]: Listening on LVM2 metadata daemon socket.
[[0;32m  OK  [0m] Listening on LVM2 metadata daemon socket.
[   20.912294] systemd[1]: Reached target Encrypted Volumes.
[[0;32m  OK  [0m] Reached target Encrypted Volumes.
[   21.128563] systemd[1]: Listening on Device-mapper event daemon FIFOs.
[[0;32m  OK  [0m] Listening on Device-mapper event daemon FIFOs.
[   21.448545] systemd[1]: Listening on Syslog Socket.
[[0;32m  OK  [0m] Listening on Syslog Socket.
[   21.720780] systemd[1]: Reached target Swap.
[[0;32m  OK  [0m] Reached target Swap.
[   21.726292] systemd[1]: Set up automount Arbitrary Executable File Formats File System Automount Point.
[[0;32m  OK  [0m] Set up automount Arbitrary Executab...ats File System Automount Point.
[   22.156741] systemd[1]: Listening on Journal Audit Socket.
[[0;32m  OK  [0m] Listening on Journal Audit Socket.
[   22.186835] systemd[1]: Listening on Journal Socket (/dev/log).
[[0;32m  OK  [0m] Listening on Journal Socket (/dev/log).
[   22.200267] systemd[1]: Reached target System Time Synchronized.
[[0;32m  OK  [0m] Reached target System Time Synchronized.
[   22.252405] systemd[1]: Listening on udev Control Socket.
[[0;32m  OK  [0m] Listening on udev Control Socket.
[   22.441162] systemd[1]: Listening on udev Kernel Socket.
[[0;32m  OK  [0m] Listening on udev Kernel Socket.
[   22.449190] systemd[1]: Listening on LVM2 poll daemon socket.
[[0;32m  OK  [0m] Listening on LVM2 poll daemon socket.
[   22.553867] systemd[1]: Started Trigger resolvconf update for networkd DNS.
[[0;32m  OK  [0m] Started Trigger resolvconf update for networkd DNS.
[   22.588927] systemd[1]: Reached target User and Group Name Lookups.
[[0;32m  OK  [0m] Reached target User and Group Name Lookups.
[   22.812143] systemd[1]: Listening on Journal Socket.
[[0;32m  OK  [0m] Listening on Journal Socket.
[   22.977288] systemd[1]: Listening on /dev/initctl Compatibility Named Pipe.
[[0;32m  OK  [0m] Listening on /dev/initctl Compatibility Named Pipe.
[   22.997280] systemd[1]: Created slice System Slice.
[[0;32m  OK  [0m] Created slice System Slice.
[   23.180445] systemd[1]: Starting Uncomplicated firewall...
         Starting Uncomplicated firewall...
[   23.204494] systemd[1]: Mounting Debug File System...
         Mounting Debug File System...
[   23.260376] systemd[1]: Starting Monitoring of LVM2 mirrors, snapshots etc. using dmeventd or progress polling...
         Starting Monitoring of LVM2 mirrors... dmeventd or progress polling...
[   23.652617] systemd[1]: Starting Create list of required static device nodes for the current kernel...
         Starting Create list of required st... nodes for the current kernel...
[   23.684919] systemd[1]: Mounting Huge Pages File System...
         Mounting Huge Pages File System...
[   23.752560] systemd[1]: Starting Remount Root and Kernel File Systems...
         Starting Remount Root and Kernel File Systems...
[   23.832259] systemd[1]: Mounting POSIX Message Queue File System...
[   23.832836] EXT4-fs (sda1): re-mounted. Opts: (null)
         Mounting POSIX Message Queue File System...
[   23.972490] systemd[1]: Starting Journal Service...
         Starting Journal Service...
[   24.021209] systemd[1]: Starting Set console keymap...
         Starting Set console keymap...
[   24.234839] systemd[1]: Created slice system-serial\x2dgetty.slice.
[[0;32m  OK  [0m] Created slice system-serial\x2dgetty.slice.
[   24.508255] systemd[1]: Starting Load Kernel Modules...
[   .600] LoiniSI anorcls .070

         Starting Load Kernel Modules...
[   25.284825] iscsi: registered transport (tcp)
[   25.289997] systemd[1]: Starting Nameserver information manager...
         Starting Nameserver information manager...
[   25.294646] systemd[1]: Created slice User and Session Slice.
[[0;32m  OK  [0m] Created slice User and Session Slice.
[   25.512390] systemd[1]: Reached target Slices.
[   25.6056 isireistere tnsrtis) [[0;32m  OK  [0m] Reached target Slices.
[   26.092555] systemd[1]: Started Forward Password Requests to Wall Directory Watch.
[[0;32m  OK  [0m] Started Forward Password Requests to Wall Directory Watch.
[   .557 ste[1: Mound geag Fe st.
[[0;32m  OK  [0m] Mounted Huge Pages File System.
[   27.196514] systemd[1]: Mounted Debug File System.
[[0;32m  OK  [0m] Mounted Debug File System.
[  27.432558] systemd[1]: Mounted POSIX Message Queue File System.
[[0;32m  OK  [0m] Mounted POSIX Message Queue File System.
[   27.536967] systemd[1]: Started Journal Service.
[[0;32m  OK  [0m] Started Journal Service.
[[0;32m  OK  [0m] Started Uncomplicated firewall.
[[0;32m  OK  [0m] Started Create list of required sta...ce nodes for the current kernel.
[[0;32m  OK  [0m] Started Remount Root and Kernel File Systems.
[[0;32m  OK  [0m] Started Set console keymap.
[[0;32m  OK  [0m] Started Load Kernel Modules.
[[0;32m  OK  [0m] Started Nameserver information manager.
[[0;32m  OK  [0m] Started LVM2 metadata daemon.
         Mounting FUSE Control File System...
         Starting Apply Kernel Variables...
         Starting Load/Save Random Seed...
         Starting udev Coldplug all Devices...
         Starting Create Static Device Nodes in /dev...
         Starting Flush Journal to Persistent Storage...
[[0;32m  OK  [0m] Mounted FUSE Control File System.
[[0;32m  OK  [0m] Started Apply Kernel Variables.
[[0;32m  OK  [0m] Started Load/Save Random Seed.
[[0;32m  OK  [0m] Started Create Static Device Nodes in /dev.
[[0;32m  OK  [0m] Started udev Coldplug all Devices.
[[0;32m  OK  [0m] Started Monitoring of LVM2 mirrors,...ng dmeventd or progress polling.
         Starting udev Kernel Device Manager...
[[0;32m  OK  [0m] Started Flush Journal to Persistent Storage.
[[0;32m  OK  [0m] Started udev Kernel Device Manager.
[[0;32m  OK  [0m] Reached target Local File Systems (Pre).
[[0;32m  OK  [0m] Reached target Local File Systems.
         Starting Create Volatile Files and Directories...
         Starting Set console font and keymap...
         Starting LSB: AppArmor initialization...
         Starting Tell Plymouth To Write Out Runtime Data...
         Starting Commit a transient machine-id on disk...
         Starting Initial cloud-init job (pre-networking)...
[[0;32m  OK  [0m] Started Dispatch Password Requests to Console Directory Watch.
[[0;32m  OK  [0m] Started Create Volatile Files and Directories.
[[0;32m  OK  [0m] Started Tell Plymouth To Write Out Runtime Data.
[[0;32m  OK  [0m] Started Commit a transient machine-id on disk.
[[0;32m  OK  [0m] Found device /dev/ttyS0.
[[0;32m  OK  [0m] Listening on Load/Save RF Kill Switch Status /dev/rfkill Watch.
         Starting Update UTMP about System Boot/Shutdown...
[[0;32m  OK  [0m] Started Update UTMP about System Boot/Shutdown.
[[0;32m  OK  [0m] Started Set console font and keymap.
[[0;32m  OK  [0m] Created slice system-getty.slice.
[[0;32m  OK  [0m] Started LSB: AppArmor initialization.
[   31.292201] cloud-init[534]: Cloud-init v. 18.2 running 'init-local' at Tue, 03 Jul 2018 20:28:15 +0000. Up 30.87 seconds.
[[0;32m  OK  [0m] Started Initial cloud-init job (pre-networking).
[[0;32m  OK  [0m] Reached target Network (Pre).
         Starting Raise network interfaces...
[[0;32m  OK  [0m] Started Raise network interfaces.
         Starting Initial cloud-init job (metadata service crawler)...
[[0;32m  OK  [0m] Reached target Network.
[   33.661107] cloud-init[960]: Cloud-init v. 18.2 running 'init' at Tue, 03 Jul 2018 20:28:16 +0000. Up 32.14 seconds.
[[0;32m  OK  [0m[   33.732682] ] cloud-initStarted Initial cloud-init job (metadata service crawler).[960]: 
ci-info: +++++++++++++++++++++++++++++++++++++Net device info++++++++++++++++++++++++++++++++++++++
[   33.837949] cloud-init[960]: ci-info: +--------+------+----------------------------+---------------+-------+-------------------+
[   33.838448] cloud-init[960]: ci-info: | Device |  Up  |          Address           |      Mask     | Scope |     Hw-Address    |
[[0;32m  OK  [0m] Reached target Cloud-config availability.
[[   33.838785] cloud-init[960]: ci-info: +--------+------+----------------------------+---------------+-------+-------------------+
[   33.974302] cloud-init[960]: ci-info: | enp0s3 | True |         10.0.2.15          | 255.255.255.0 |   .   | 02:f6:92:8e:b0:b4 |
[0;32m  OK  [0m] Reached target Network is Online.
[   33.974496] cloud-init[960]: ci-info: | enp0s3 | True | fe80::f6:92ff:fe8e:b0b4/64 |       .       |  link | 02:f6:92:8e:b0:b4 |
[   34.368566]          cloud-initStarting iSCSI initiator daemon (iscsid)...[960]: 
ci-info: |   lo   | True |         127.0.0.1          |   255.0.0.0   |   .   |         .         |
[   34.387633] cloud-init[960]: ci-info: |   lo   | True |          ::1/128           |       .       |  host |         .         |
[   34.388036] cloud-init[960]: ci-info: +--------+------+----------------------------+---------------+-------+-------------------+
[[0;32m  OK  [0m] Reached target System Initialization.
[[   34.388297] cloud-init[960]: ci-info: +++++++++++++++++++++++++++Route IPv4 info++++++++++++++++++++++++++++
[   34.437108] cloud-init[960]: ci-info: +-------+-------------+----------+---------------+-----------+-------+
[0;32m  OK  [0m] Listening on D-Bus System Message Bus Socket.
[[   34.437264] cloud-init[960]: ci-info: | Route | Destination | Gateway  |    Genmask    | Interface | Flags |
[0;32m  OK  [0m] Started Daily apt download activities.
[   34.577438] cloud-init[960]: ci-info: +-------+-------------+----------+---------------+-----------+-------+
[   34.732925] cloud-init[960]: ci-info: |   0   |   0.0.0.0   | 10.0.2.2 |    0.0.0.0    |   enp0s3  |   UG  |
[   34.733404] cloud-init[960]: ci-info: |   1   |   10.0.2.0  | 0.0.0.0  | 255.255.255.0 |   enp0s3  |   U   |
         Starting LXD - unix socket.
[[   34.733783] cloud-init[960]: ci-info: +-------+-------------+----------+---------------+-----------+-------+
[   34.824156] cloud-init[960]: Generating public/private rsa key pair.
[   34.824269] cloud-init[960]: Your identification has been saved in /etc/ssh/ssh_host_rsa_key.
[0;32m  OK  [0m] Listening on ACPID Listen Socket.
[[   34.824489] cloud-init[960]: Your public key has been saved in /etc/ssh/ssh_host_rsa_key.pub.
[   34.946855] cloud-init[960]: The key fingerprint is:
[   34.947456] cloud-init[960]: SHA256:WRg2Fjm4VdqP4qZQ7NBZD1O4O5J/JMZG3XLZfTZ80kY root@ubuntu-xenial
[   34.947916] cloud-init[960]: The key's randomart image is:
[   34.948478] cloud-init[960]: +---[RSA 2048]----+
[   34.948868] cloud-init[960]: |       .*=o      |
[   34.949335] cloud-init[960]: |      .o=B      E|
[   34.949821] cloud-init[960]: |       o*+o. o.+ |
[   34.950321] cloud-init[960]: |     o.oo*oo+ ooB|
[   34.950713] cloud-init[960]: |    . =+S.oo.  ++|
[   34.951151] cloud-init[960]: |     +o.B..      |
[   34.951582] cloud-init[960]: |    . .=o+       |
[   34.952039] cloud-init[960]: |     . o. .      |
[   34.952474] cloud-init[960]: |      .  .       |
[   34.953482] cloud-init[960]: +----[SHA256]-----+
[0;32m  OK  [0m] Started Daily apt upgrade and clean activities.
[[   34.953866] cloud-init[960]: Generating public/private dsa key pair.
[0;32m  OK  [0m] Listening on UUID daemon activation socket.[   35.333388] 
cloud-init[960]: Your identification has been saved in /etc/ssh/ssh_host_dsa_key.
[   35.420639] cloud-init[960]: Your public key has been saved in /etc/ssh/ssh_host_dsa_key.pub.
[   35.421015] cloud-init[960]: The key fingerprint is:
[[0;32m  OK  [0m] Started ACPI Events Check.
[[   35.421185] cloud-init[960]: SHA256:HnQ/qZjlIUKFgH7lfm+g7+pXDcIR4oSRBVPLZV8/92U root@ubuntu-xenial
[   35.609492] cloud-init[960]: The key's randomart image is:
[0;32m  OK  [0m] Reached target Paths.
[   35.609639] cloud-init[960]: +---[DSA 1024]----+
[   35.754561] cloud-init[960]: |   .=O=.=.  .    |
[   35.755064] cloud-init[960]: |  . o=o*.. . .   |
         Starting Socket activation for snappy daemon.
[   35.755359] cloud-init[960]: | .   o=...o   o E|
[   35.794085] cloud-init[960]: |  . ....o... . +o|
[[0;32m  OK  [0m] Started Daily Cleanup of Temporary Directories.
[   35.794290] cloud-init[960]: |   . .. S.oo+   .|
[   35.817279] cloud-init[960]: |      .ooB.o..   |
[[0;32m  OK  [0m] Reached target Timers.
[   35.817570] cloud-init[960]: |       o++o      |
[   35.887322] cloud-init[960]: |      . . o      |
[   35.890065] cloud-init[960]: |     .o=o.       |
[   35.936701] cloud-init[960]: +----[SHA256]-----+
[[0;32m  OK  [0m] Listening on LXD - unix socket.
[[   35.937085] cloud-init[960]: Generating public/private ecdsa key pair.
[   36.020993] cloud-init[960]: Your identification has been saved in /etc/ssh/ssh_host_ecdsa_key.
[   36.021542] cloud-init[960]: Your public key has been saved in /etc/ssh/ssh_host_ecdsa_key.pub.
[0;32m  OK  [0m] Listening on Socket activation for snappy daemon.
[   36.021876] cloud-init[960]: The key fingerprint is:
[   36.224531] cloud-init[960]: SHA256:wGLOcuYGCIaa72cUXTCa8l9kjWdZQd9jg8VVxTBTIfA root@ubuntu-xenial
[   36.224826] cloud-init[960]: The key's randomart image is:
[[0;32m  OK  [0m] Started iSCSI initiator daemon (iscsid).
[   36.224917] cloud-init[960]: +---[ECDSA 256]---+
[   36.420521] cloud-init[960]: |      o.   o=o=*X|
[   36.420885] cloud-init[960]: |.    + ..o o..+=.|
         Starting Login to default iSCSI targets...
[[   36.421126] cloud-init[960]: |o.. =.o.+ =  E.+.|
[   36.541020] cloud-init[960]: |+o *...+ o    . o|
[   36.541502] cloud-init[960]: |+ o *.  S        |
[   36.541788] cloud-init[960]: | . *.. .         |
[0;32m  OK  [0m] Reached target Sockets.
[   36.542046] cloud-init[960]: |  ..o .          |
[   36.633747] cloud-init[960]: | . .o            |
[[0;32m  OK  [0m] Reached target Basic System.
[   36.633955] cloud-init[960]: |  .o             |
[   36.681207]          cloud-init[960]: +----[SHA256]-----+
Starting Virtualbox guest utils...
[   36.681704] cloud-init[960]: Generating public/private ed25519 key pair.
[   36.747544] [cloud-init[0;32m  OK  [0m[960]: ] Your identification has been saved in /etc/ssh/ssh_host_ed25519_key.Started FUSE filesystem for LXC.

[   36.748597] cloud-init[960]: Your public key has been saved in /etc/ssh/ssh_host_ed25519_key.pub.
[   36.809608] cloud-init[960]: The key fingerprint is:
[[0;32m  OK  [0m] Started Regular background program processing daemon.
[   36.824447] cloud-init[960]: SHA256:Nk+elqTX6LjryrUekgucKBA8PvCzUW4s/MUb7EUdAiQ root@ubuntu-xenial
         Starting Apply the settings specified in cloud-config...
[   36.884527] cloud-init[960]: The key's randomart image is:
[   36.893553] cloud-init[960]: +--[ED25519 256]--+
[   36.896225] cloud-init[960]: |    E.o.. .      |
         Starting LSB: Record successful boot for GRUB...
         Starting System Logging Service...
[[0;32m  OK  [0m] Started Unattended Upgrades Shutdown.
[   36.918858] cloud-init[960]: |.    .   o .     |
[   36.947496] cloud-init[960]: |oo  .   . .      |
[[0;32m  OK  [0m] Started ACPI event daemon.
[   36.978693] cloud-init[960]: |o+.+ o .         |
[   37.005019] cloud-init[960]: |.o* + = S o      |
[   37.048329] cloud-init[960]: |. .X + * B =     |
[   37.048554] cloud-init[960]: |. o = = + O .    |
         Starting LSB: MD monitoring daemon...
[   37.048790] cloud-init[960]: | .   o + B       |
[   37.193253] [[0;32m  OK  [0m] Started Deferred execution scheduler.
cloud-init[960]: |      ++Bo.      |
         [   37.228215] Starting LXD - container startup/shutdown...cloud-init
[960]: +----[SHA256]-----+
         Starting /etc/rc.local Compatibility...
         Starting Accounts Service...
         Starting Pollinate to seed the pseudo random number generator...
         Starting Snappy daemon...
         Starting Login Service...
[[0;32m  OK  [0m] Started D-Bus System Message Bus.
[   37.592246] cloud-init[1075]: Generating locales (this might take a while)...
[[0;32m  OK  [0m] Started System Logging Service.
[[0;32m  OK  [0m] Started /etc/rc.local Compatibility.
[[0;32m  OK  [0m] Started Login Service.
         Starting Authenticate and Authorize Users to Run Privileged Tasks...
[[0;32m  OK  [0m] Started Login to default iSCSI targets.
[[0;32m  OK  [0m] Reached target Remote File Systems (Pre).
[[0;32m  OK  [0m] Reached target Remote File Systems.
         Starting LSB: Set the CPU Frequency Scaling governor to "ondemand"...
         Starting LSB: automatic crash report generation...
         Starting LSB: daemon to balance interrupts for SMP systems...
         Starting Permit User Sessions...
[[0;32m  OK  [0m] Started LSB: Record successful boot for GRUB.
[[0;32m  OK  [0m] Started LSB: Set the CPU Frequency Scaling governor to "ondemand".
[[0;32m  OK  [0m] Started Permit User Sessions.
[[0;32m  OK  [0m] Started LSB: MD monitoring daemon.
[[0;32m  OK  [0m] Started LSB: automatic crash report generation.
[[0;32m  OK  [0m] Started LSB: daemon to balance interrupts for SMP systems.
[[0;32m  OK  [0m] Started Authenticate and Authorize Users to Run Privileged Tasks.
[[0;32m  OK  [0m] Started Accounts Service.
         Starting Terminate Plymouth Boot Screen...
         Starting Hold until boot process finishes up...
[[0;32m  OK  [0m] Started Virtualbox guest utils.
[[0;32m  OK  [0m] Started Terminate Plymouth Boot Screen.
[[0;32m  OK  [0m] Started Hold until boot process finishes up.
         Starting Set console scheme...
[[0;32m  OK  [0m] Started Getty on tty1.
[[0;32m  OK  [0m] Started Serial Getty on ttyS0.
[[0;32m  OK  [0m] Reached target Login Prompts.
[[0;32m  OK  [0m] Started LXD - container startup/shutdown.
[   39.648675] [cloud-init[0;32m  OK  [0m[1075]: ]   en_US.UTF-8... doneStarted Set console scheme.

[   39.654628] cloud-init[1075]: Generation complete.
[[0;32m  OK  [0m] Started Snappy daemon.
         Starting Wait until snapd is fully seeded...
[[0;32m  OK  [0m] Started Pollinate to seed the pseudo random number generator.
         Starting OpenBSD Secure Shell server...
[[0;32m  OK  [0m] Started OpenBSD Secure Shell server.
[   40.987140] cloud-init[1075]: Cloud-init v. 18.2 running 'modules:config' at Tue, 03 Jul 2018 20:28:21 +0000. Up 37.12 seconds.
[[0;32m  OK  [0m] Started Apply the settings specified in cloud-config.
[[0;32m  OK  [0m] Created slice User Slice of vagrant.
         Starting User Manager for UID 1000...
[[0;32m  OK  [0m] Started Session 1 of user vagrant.
[[0;32m  OK  [0m] Started User Manager for UID 1000.
[[0;32m  OK  [0m] Started Wait until snapd is fully seeded.
[[0;32m  OK  [0m] Reached target Multi-User System.
         Starting Execute cloud user/final scripts...
[[0;32m  OK  [0m] Reached target Graphical Interface.
         Starting Update UTMP about System Runlevel Changes...
[[0;32m  OK  [0m] Started Update UTMP about System Runlevel Changes.
ci-info: no authorized ssh keys fingerprints found for user ubuntu.
<14>Jul  3 20:28:28 ec2: 
<14>Jul  3 20:28:28 ec2: #############################################################
<14>Jul  3 20:28:28 ec2: -----BEGIN SSH HOST KEY FINGERPRINTS-----
<14>Jul  3 20:28:28 ec2: 1024 SHA256:HnQ/qZjlIUKFgH7lfm+g7+pXDcIR4oSRBVPLZV8/92U root@ubuntu-xenial (DSA)
<14>Jul  3 20:28:28 ec2: 256 SHA256:wGLOcuYGCIaa72cUXTCa8l9kjWdZQd9jg8VVxTBTIfA root@ubuntu-xenial (ECDSA)
<14>Jul  3 20:28:28 ec2: 256 SHA256:Nk+elqTX6LjryrUekgucKBA8PvCzUW4s/MUb7EUdAiQ root@ubuntu-xenial (ED25519)
<14>Jul  3 20:28:28 ec2: 2048 SHA256:WRg2Fjm4VdqP4qZQ7NBZD1O4O5J/JMZG3XLZfTZ80kY root@ubuntu-xenial (RSA)
<14>Jul  3 20:28:28 ec2: -----END SSH HOST KEY FINGERPRINTS-----
<14>Jul  3 20:28:28 ec2: #############################################################
-----BEGIN SSH HOST KEY KEYS-----
ecdsa-sha2-nistp256 AAAAE2VjZHNhLXNoYTItbmlzdHAyNTYAAAAIbmlzdHAyNTYAAABBBJbi4Iyike4m1A5xsgz0wSwpvR9LQ6CTN3iybAnMbmfKd2E/s7+5nqTzBCUl7ferNQr9Le5VH6es6LEJky/Fx6E= root@ubuntu-xenial
ssh-ed25519 AAAAC3NzaC1lZDI1NTE5AAAAIBASwkY16jTMMmsHwGmOiScmBQtx5X5y1rzjmKR+hY5L root@ubuntu-xenial
ssh-rsa AAAAB3NzaC1yc2EAAAADAQABAAABAQDLMuNDngPATAEPoAu+A8fII8xxy/2mE25GG+R3EcdGBeYzbHgmjNqGshP1acuSA3demBGQz4MgkndIRwMfFNPohQwWlj5RSxeda4FmHGYEf1jHD+MfKjxHSh1yHGqOwkmg2EDi9OHqGTDFqbRzB3F9I20TYokPbugosd+dIIZV6mj1Mdg4nJND4W7FLo+iy3R/pDYf+SJz1tNzzKkhmVErAz1jM8rvv5d9M/FJhlsqYN3uKb/BDFCnUtGB4Q0T/x0gkCyUu8o3S+ACLD2s6arGRAgqBNDlWpRrMCB5fL9umGgBDlvL0DvTqusEW0TAjqFWVr82HdZeC1VqdCNYcX8d root@ubuntu-xenial
-----END SSH HOST KEY KEYS-----
[   44.976254] cloud-init[1453]: Cloud-init v. 18.2 running 'modules:final' at Tue, 03 Jul 2018 20:28:28 +0000. Up 43.83 seconds.
[   45.108426] 
Ubuntu 16.04.4 LTS ubuntu-xenial ttyS0

ubuntu-xenial login: 